<?xml version="1.0" encoding="UTF-8"?>
<!-- Generated by org.testng.reporters.JUnitXMLReporter -->
<testsuite hostname="Surendra" name="Command line test" tests="4" failures="1" timestamp="18 Jun 2018 09:50:12 GMT" time="908.758" errors="0">
  <testcase name="verifySessionPillar" time="199.716" classname="com.cisco.gsx.testsuites.GSX"/>
  <testcase name="verifySessionTrack" time="123.712" classname="com.cisco.gsx.testsuites.GSX"/>
  <testcase name="verifySessionType" time="101.035" classname="com.cisco.gsx.testsuites.GSX"/>
  <testcase name="verifySessioncategory" time="483.944" classname="com.cisco.gsx.testsuites.GSX">
    <failure type="java.lang.StringIndexOutOfBoundsException" message="String index out of range: -1">
      <![CDATA[java.lang.StringIndexOutOfBoundsException: String index out of range: -1
	at java.lang.String.substring(Unknown Source)
	at com.cisco.gsx.utilities.CommonUtil.getErroMsg(CommonUtil.java:673)
	at com.cisco.gsx.utilities.CommonUtil.click(CommonUtil.java:377)
	at com.cisco.gsx.pageObjects.SessionCatalog.SessionCategory(SessionCatalog.java:694)
	at com.cisco.gsx.testsuites.GSX.verifySessioncategory(GSX.java:1256)
	at com.cisco.gsx.util.IdeabytesTestRunner.runGSXTestCases(IdeabytesTestRunner.java:167)
	at com.cisco.gsx.main.TestSuiteRunner.main(TestSuiteRunner.java:12)
... Removed 21 stack frames]]>
    </failure>
  </testcase> <!-- verifySessioncategory -->
</testsuite> <!-- Command line test -->
